4.4s 1 0.00s - Debugger warning: It seems that frozen modules are being used, which may
4.4s 2 0.00s - make the debugger miss breakpoints. Please pass -Xfrozen_modules=off
4.4s 3 0.00s - to python to disable frozen modules.
4.4s 4 0.00s - Note: Debugging will proceed. Set PYDEVD_DISABLE_FILE_VALIDATION=1 to disable this validation.
5.3s 5 0.00s - Debugger warning: It seems that frozen modules are being used, which may
5.3s 6 0.00s - make the debugger miss breakpoints. Please pass -Xfrozen_modules=off
5.3s 7 0.00s - to python to disable frozen modules.
5.3s 8 0.00s - Note: Debugging will proceed. Set PYDEVD_DISABLE_FILE_VALIDATION=1 to disable this validation.
18.3s 9 正在加载和预处理训练数据...
20.9s 10 训练数据形状: (150000, 35)
20.9s 11 正在进行特征工程...
20.9s 12 特征矩阵形状: (150000, 41)
20.9s 13 目标变量形状: (150000,)
20.9s 14 划分训练集和验证集...
21.1s 15 训练集: (120000, 41), 验证集: (30000, 41)
21.1s 16 开始训练模型...
21.1s 17 尝试使用GPU进行训练...
21.6s 18 GPU训练失败: No OpenCL device found
21.6s 19 回退到CPU训练...
22.3s 20 Training until validation scores don't improve for 200 rounds
24.6s 21 [100]	train's l1: 2227.66	valid's l1: 2219.08
27.2s 22 [200]	train's l1: 1329.99	valid's l1: 1326.9
29.7s 23 [300]	train's l1: 980.502	valid's l1: 985.605
32.1s 24 [400]	train's l1: 826.208	valid's l1: 840.589
34.3s 25 [500]	train's l1: 752.129	valid's l1: 774.821
36.4s 26 [600]	train's l1: 711.487	valid's l1: 738.23
38.5s 27 [700]	train's l1: 689.261	valid's l1: 718.685
40.6s 28 [800]	train's l1: 672.538	valid's l1: 703.115
43.0s 29 [900]	train's l1: 655.136	valid's l1: 687.397
45.3s 30 [1000]	train's l1: 639.937	valid's l1: 673.515
47.6s 31 [1100]	train's l1: 627.863	valid's l1: 662.739
51.9s 32 [1200]	train's l1: 615.061	valid's l1: 651.309
54.3s 33 [1300]	train's l1: 603.004	valid's l1: 640.659
56.6s 34 [1400]	train's l1: 593.192	valid's l1: 632.14
58.7s 35 [1500]	train's l1: 584.22	valid's l1: 624.684
60.9s 36 [1600]	train's l1: 576.795	valid's l1: 618.547
63.2s 37 [1700]	train's l1: 570.052	valid's l1: 613.029
65.4s 38 [1800]	train's l1: 563.909	valid's l1: 608.097
67.6s 39 [1900]	train's l1: 557.784	valid's l1: 603.046
69.9s 40 [2000]	train's l1: 551.531	valid's l1: 598.178
72.0s 41 [2100]	train's l1: 545.952	valid's l1: 593.891
74.3s 42 [2200]	train's l1: 540.813	valid's l1: 589.958
76.6s 43 [2300]	train's l1: 536.057	valid's l1: 586.346
78.8s 44 [2400]	train's l1: 531.322	valid's l1: 582.86
83.3s 45 [2500]	train's l1: 527.118	valid's l1: 579.675
85.5s 46 [2600]	train's l1: 523.538	valid's l1: 576.921
87.7s 47 [2700]	train's l1: 520.055	valid's l1: 574.307
89.9s 48 [2800]	train's l1: 516.733	valid's l1: 571.854
92.1s 49 [2900]	train's l1: 513.211	valid's l1: 569.31
94.4s 50 [3000]	train's l1: 510.206	valid's l1: 567.19
96.5s 51 [3100]	train's l1: 507.194	valid's l1: 564.981
98.7s 52 [3200]	train's l1: 504.486	valid's l1: 562.987
100.8s 53 [3300]	train's l1: 501.544	valid's l1: 560.923
103.1s 54 [3400]	train's l1: 499.288	valid's l1: 559.278
105.2s 55 [3500]	train's l1: 497.07	valid's l1: 557.767
107.4s 56 [3600]	train's l1: 494.838	valid's l1: 556.267
109.5s 57 [3700]	train's l1: 492.686	valid's l1: 554.817
111.7s 58 [3800]	train's l1: 490.619	valid's l1: 553.48
116.0s 59 [3900]	train's l1: 488.44	valid's l1: 552.038
118.2s 60 [4000]	train's l1: 486.478	valid's l1: 550.739
120.3s 61 [4100]	train's l1: 484.473	valid's l1: 549.528
122.5s 62 [4200]	train's l1: 482.748	valid's l1: 548.449
124.7s 63 [4300]	train's l1: 480.996	valid's l1: 547.34
126.8s 64 [4400]	train's l1: 479.313	valid's l1: 546.289
128.9s 65 [4500]	train's l1: 477.564	valid's l1: 545.186
131.1s 66 [4600]	train's l1: 476.042	valid's l1: 544.268
133.4s 67 [4700]	train's l1: 474.528	valid's l1: 543.274
135.5s 68 [4800]	train's l1: 473.024	valid's l1: 542.386
137.5s 69 [4900]	train's l1: 471.466	valid's l1: 541.441
139.7s 70 [5000]	train's l1: 469.973	valid's l1: 540.533
141.8s 71 [5100]	train's l1: 468.511	valid's l1: 539.676
144.0s 72 [5200]	train's l1: 467.253	valid's l1: 539.025
146.1s 73 [5300]	train's l1: 466.112	valid's l1: 538.317
150.4s 74 [5400]	train's l1: 464.899	valid's l1: 537.643
152.6s 75 [5500]	train's l1: 463.568	valid's l1: 536.835
154.7s 76 [5600]	train's l1: 462.371	valid's l1: 536.131
156.8s 77 [5700]	train's l1: 461.211	valid's l1: 535.45
158.9s 78 [5800]	train's l1: 460.115	valid's l1: 534.837
161.0s 79 [5900]	train's l1: 458.828	valid's l1: 534.06
163.2s 80 [6000]	train's l1: 457.751	valid's l1: 533.497
165.4s 81 [6100]	train's l1: 456.708	valid's l1: 532.96
167.5s 82 [6200]	train's l1: 455.656	valid's l1: 532.382
169.6s 83 [6300]	train's l1: 454.483	valid's l1: 531.701
171.6s 84 [6400]	train's l1: 453.4	valid's l1: 531.097
173.8s 85 [6500]	train's l1: 452.408	valid's l1: 530.567
175.9s 86 [6600]	train's l1: 451.368	valid's l1: 529.997
178.0s 87 [6700]	train's l1: 450.309	valid's l1: 529.474
182.3s 88 [6800]	train's l1: 449.547	valid's l1: 529.105
184.5s 89 [6900]	train's l1: 448.517	valid's l1: 528.572
186.5s 90 [7000]	train's l1: 447.579	valid's l1: 528.106
188.6s 91 [7100]	train's l1: 446.784	valid's l1: 527.712
190.8s 92 [7200]	train's l1: 445.881	valid's l1: 527.287
192.9s 93 [7300]	train's l1: 445.028	valid's l1: 526.856
195.0s 94 [7400]	train's l1: 444.171	valid's l1: 526.421
197.0s 95 [7500]	train's l1: 443.268	valid's l1: 525.944
199.0s 96 [7600]	train's l1: 442.353	valid's l1: 525.521
201.0s 97 [7700]	train's l1: 441.366	valid's l1: 525.032
203.2s 98 [7800]	train's l1: 440.588	valid's l1: 524.661
205.3s 99 [7900]	train's l1: 439.73	valid's l1: 524.282
207.3s 100 [8000]	train's l1: 438.901	valid's l1: 523.891
209.4s 101 [8100]	train's l1: 438.076	valid's l1: 523.485
211.4s 102 [8200]	train's l1: 437.298	valid's l1: 523.146
215.6s 103 [8300]	train's l1: 436.496	valid's l1: 522.738
217.7s 104 [8400]	train's l1: 435.738	valid's l1: 522.431
219.8s 105 [8500]	train's l1: 434.978	valid's l1: 522.114
221.8s 106 [8600]	train's l1: 434.303	valid's l1: 521.844
224.1s 107 [8700]	train's l1: 433.616	valid's l1: 521.502
226.1s 108 [8800]	train's l1: 433.023	valid's l1: 521.232
228.3s 109 [8900]	train's l1: 432.366	valid's l1: 520.963
230.3s 110 [9000]	train's l1: 431.835	valid's l1: 520.689
232.5s 111 [9100]	train's l1: 431.271	valid's l1: 520.379
234.5s 112 [9200]	train's l1: 430.551	valid's l1: 520.047
236.5s 113 [9300]	train's l1: 429.853	valid's l1: 519.736
238.6s 114 [9400]	train's l1: 429.142	valid's l1: 519.415
240.6s 115 [9500]	train's l1: 428.624	valid's l1: 519.208
242.7s 116 [9600]	train's l1: 428.126	valid's l1: 518.955
246.9s 117 [9700]	train's l1: 427.569	valid's l1: 518.739
249.0s 118 [9800]	train's l1: 426.969	valid's l1: 518.477
251.0s 119 [9900]	train's l1: 426.327	valid's l1: 518.167
253.1s 120 [10000]	train's l1: 425.715	valid's l1: 517.903
255.1s 121 [10100]	train's l1: 425.111	valid's l1: 517.655
257.2s 122 [10200]	train's l1: 424.56	valid's l1: 517.45
259.2s 123 [10300]	train's l1: 423.936	valid's l1: 517.21
261.3s 124 [10400]	train's l1: 423.265	valid's l1: 516.901
263.4s 125 [10500]	train's l1: 422.679	valid's l1: 516.674
265.4s 126 [10600]	train's l1: 422.157	valid's l1: 516.448
267.4s 127 [10700]	train's l1: 421.549	valid's l1: 516.185
269.4s 128 [10800]	train's l1: 420.994	valid's l1: 515.942
271.4s 129 [10900]	train's l1: 420.412	valid's l1: 515.705
273.5s 130 [11000]	train's l1: 419.867	valid's l1: 515.493
275.5s 131 [11100]	train's l1: 419.374	valid's l1: 515.282
279.7s 132 [11200]	train's l1: 418.887	valid's l1: 515.106
281.7s 133 [11300]	train's l1: 418.46	valid's l1: 514.936
283.9s 134 [11400]	train's l1: 418.037	valid's l1: 514.754
285.9s 135 [11500]	train's l1: 417.468	valid's l1: 514.54
288.0s 136 [11600]	train's l1: 416.904	valid's l1: 514.293
290.0s 137 [11700]	train's l1: 416.468	valid's l1: 514.149
292.1s 138 [11800]	train's l1: 415.984	valid's l1: 513.977
294.3s 139 [11900]	train's l1: 415.486	valid's l1: 513.776
296.4s 140 [12000]	train's l1: 414.988	valid's l1: 513.574
298.4s 141 [12100]	train's l1: 414.627	valid's l1: 513.448
300.4s 142 [12200]	train's l1: 414.209	valid's l1: 513.246
302.6s 143 [12300]	train's l1: 413.606	valid's l1: 513.033
304.7s 144 [12400]	train's l1: 413.172	valid's l1: 512.865
306.7s 145 [12500]	train's l1: 412.676	valid's l1: 512.683
308.8s 146 [12600]	train's l1: 412.158	valid's l1: 512.508
313.1s 147 [12700]	train's l1: 411.749	valid's l1: 512.353
315.1s 148 [12800]	train's l1: 411.3	valid's l1: 512.198
317.2s 149 [12900]	train's l1: 410.802	valid's l1: 512.02
319.3s 150 [13000]	train's l1: 410.37	valid's l1: 511.856
321.4s 151 [13100]	train's l1: 409.893	valid's l1: 511.68
323.6s 152 [13200]	train's l1: 409.463	valid's l1: 511.505
325.7s 153 [13300]	train's l1: 409.092	valid's l1: 511.381
327.7s 154 [13400]	train's l1: 408.606	valid's l1: 511.202
329.8s 155 [13500]	train's l1: 408.221	valid's l1: 511.063
331.8s 156 [13600]	train's l1: 407.825	valid's l1: 510.936
333.9s 157 [13700]	train's l1: 407.452	valid's l1: 510.811
335.9s 158 [13800]	train's l1: 407.043	valid's l1: 510.66
337.9s 159 [13900]	train's l1: 406.688	valid's l1: 510.543
340.0s 160 [14000]	train's l1: 406.321	valid's l1: 510.413
342.0s 161 [14100]	train's l1: 405.8	valid's l1: 510.252
346.3s 162 [14200]	train's l1: 405.417	valid's l1: 510.104
348.4s 163 [14300]	train's l1: 405.066	valid's l1: 509.997
350.5s 164 [14400]	train's l1: 404.795	valid's l1: 509.905
352.6s 165 [14500]	train's l1: 404.388	valid's l1: 509.776
354.6s 166 [14600]	train's l1: 404.079	valid's l1: 509.683
356.6s 167 [14700]	train's l1: 403.769	valid's l1: 509.607
358.7s 168 [14800]	train's l1: 403.426	valid's l1: 509.491
360.7s 169 [14900]	train's l1: 403.057	valid's l1: 509.341
362.8s 170 [15000]	train's l1: 402.698	valid's l1: 509.184
364.8s 171 [15100]	train's l1: 402.322	valid's l1: 509.071
366.8s 172 [15200]	train's l1: 401.974	valid's l1: 508.93
368.9s 173 [15300]	train's l1: 401.558	valid's l1: 508.8
370.9s 174 [15400]	train's l1: 401.212	valid's l1: 508.696
373.0s 175 [15500]	train's l1: 400.894	valid's l1: 508.603
375.1s 176 [15600]	train's l1: 400.58	valid's l1: 508.474
379.3s 177 [15700]	train's l1: 400.272	valid's l1: 508.358
381.3s 178 [15800]	train's l1: 399.93	valid's l1: 508.215
383.5s 179 [15900]	train's l1: 399.555	valid's l1: 508.076
385.5s 180 [16000]	train's l1: 399.206	valid's l1: 507.961
387.5s 181 [16100]	train's l1: 398.902	valid's l1: 507.875
389.6s 182 [16200]	train's l1: 398.607	valid's l1: 507.805
391.6s 183 [16300]	train's l1: 398.28	valid's l1: 507.698
393.7s 184 [16400]	train's l1: 397.93	valid's l1: 507.591
395.8s 185 [16500]	train's l1: 397.606	valid's l1: 507.483
397.8s 186 [16600]	train's l1: 397.291	valid's l1: 507.344
399.8s 187 [16700]	train's l1: 396.994	valid's l1: 507.263
401.8s 188 [16800]	train's l1: 396.684	valid's l1: 507.17
403.9s 189 [16900]	train's l1: 396.34	valid's l1: 507.076
406.0s 190 [17000]	train's l1: 396.07	valid's l1: 506.998
408.0s 191 [17100]	train's l1: 395.795	valid's l1: 506.911
412.1s 192 [17200]	train's l1: 395.5	valid's l1: 506.831
414.2s 193 [17300]	train's l1: 395.156	valid's l1: 506.707
416.2s 194 [17400]	train's l1: 394.85	valid's l1: 506.6
418.3s 195 [17500]	train's l1: 394.538	valid's l1: 506.506
420.3s 196 [17600]	train's l1: 394.195	valid's l1: 506.385
422.5s 197 [17700]	train's l1: 393.888	valid's l1: 506.297
424.6s 198 [17800]	train's l1: 393.622	valid's l1: 506.222
426.6s 199 [17900]	train's l1: 393.329	valid's l1: 506.127
428.7s 200 [18000]	train's l1: 392.972	valid's l1: 506.01
430.8s 201 [18100]	train's l1: 392.702	valid's l1: 505.941
432.9s 202 [18200]	train's l1: 392.379	valid's l1: 505.824
434.9s 203 [18300]	train's l1: 392.03	valid's l1: 505.741
437.0s 204 [18400]	train's l1: 391.7	valid's l1: 505.649
439.1s 205 [18500]	train's l1: 391.388	valid's l1: 505.561
443.4s 206 [18600]	train's l1: 391.088	valid's l1: 505.473
445.4s 207 [18700]	train's l1: 390.735	valid's l1: 505.39
447.4s 208 [18800]	train's l1: 390.476	valid's l1: 505.319
449.4s 209 [18900]	train's l1: 390.227	valid's l1: 505.25
451.4s 210 [19000]	train's l1: 389.959	valid's l1: 505.179
453.5s 211 [19100]	train's l1: 389.707	valid's l1: 505.116
455.5s 212 [19200]	train's l1: 389.438	valid's l1: 505.046
457.6s 213 [19300]	train's l1: 389.159	valid's l1: 504.982
459.6s 214 [19400]	train's l1: 388.754	valid's l1: 504.907
461.6s 215 [19500]	train's l1: 388.382	valid's l1: 504.794
463.8s 216 [19600]	train's l1: 388.103	valid's l1: 504.721
465.9s 217 [19700]	train's l1: 387.844	valid's l1: 504.635
467.8s 218 [19800]	train's l1: 387.589	valid's l1: 504.582
469.8s 219 [19900]	train's l1: 387.338	valid's l1: 504.495
471.9s 220 [20000]	train's l1: 387.084	valid's l1: 504.419
476.2s 221 [20100]	train's l1: 386.78	valid's l1: 504.336
478.3s 222 [20200]	train's l1: 386.532	valid's l1: 504.26
480.4s 223 [20300]	train's l1: 386.307	valid's l1: 504.206
482.6s 224 [20400]	train's l1: 386.092	valid's l1: 504.161
484.7s 225 [20500]	train's l1: 385.864	valid's l1: 504.085
486.7s 226 [20600]	train's l1: 385.634	valid's l1: 504.006
488.7s 227 [20700]	train's l1: 385.376	valid's l1: 503.933
490.7s 228 [20800]	train's l1: 385.142	valid's l1: 503.862
492.8s 229 [20900]	train's l1: 384.821	valid's l1: 503.778
494.9s 230 [21000]	train's l1: 384.588	valid's l1: 503.711
496.9s 231 [21100]	train's l1: 384.343	valid's l1: 503.639
499.0s 232 [21200]	train's l1: 384.124	valid's l1: 503.597
501.0s 233 [21300]	train's l1: 383.884	valid's l1: 503.535
503.1s 234 [21400]	train's l1: 383.638	valid's l1: 503.468
505.1s 235 [21500]	train's l1: 383.407	valid's l1: 503.403
509.3s 236 [21600]	train's l1: 383.217	valid's l1: 503.328
511.3s 237 [21700]	train's l1: 383.025	valid's l1: 503.275
513.5s 238 [21800]	train's l1: 382.804	valid's l1: 503.201
515.5s 239 [21900]	train's l1: 382.493	valid's l1: 503.141
517.5s 240 [22000]	train's l1: 382.243	valid's l1: 503.058
519.5s 241 [22100]	train's l1: 381.987	valid's l1: 502.984
521.5s 242 [22200]	train's l1: 381.783	valid's l1: 502.927
523.6s 243 [22300]	train's l1: 381.554	valid's l1: 502.869
525.7s 244 [22400]	train's l1: 381.34	valid's l1: 502.801
527.7s 245 [22500]	train's l1: 381.127	valid's l1: 502.734
529.7s 246 [22600]	train's l1: 380.887	valid's l1: 502.679
531.8s 247 [22700]	train's l1: 380.659	valid's l1: 502.612
533.9s 248 [22800]	train's l1: 380.416	valid's l1: 502.549
535.9s 249 [22900]	train's l1: 380.229	valid's l1: 502.499
537.9s 250 [23000]	train's l1: 380.015	valid's l1: 502.432
542.0s 251 [23100]	train's l1: 379.814	valid's l1: 502.398
544.1s 252 [23200]	train's l1: 379.626	valid's l1: 502.355
546.1s 253 [23300]	train's l1: 379.421	valid's l1: 502.312
548.1s 254 [23400]	train's l1: 379.202	valid's l1: 502.245
550.1s 255 [23500]	train's l1: 379.003	valid's l1: 502.198
552.1s 256 [23600]	train's l1: 378.795	valid's l1: 502.138
554.2s 257 [23700]	train's l1: 378.607	valid's l1: 502.086
556.2s 258 [23800]	train's l1: 378.43	valid's l1: 502.029
558.2s 259 [23900]	train's l1: 378.212	valid's l1: 501.969
560.2s 260 [24000]	train's l1: 378.039	valid's l1: 501.926
562.2s 261 [24100]	train's l1: 377.851	valid's l1: 501.857
564.3s 262 [24200]	train's l1: 377.694	valid's l1: 501.803
566.3s 263 [24300]	train's l1: 377.479	valid's l1: 501.773
568.4s 264 [24400]	train's l1: 377.314	valid's l1: 501.736
570.4s 265 [24500]	train's l1: 377.126	valid's l1: 501.7
574.6s 266 [24600]	train's l1: 376.969	valid's l1: 501.655
576.5s 267 [24700]	train's l1: 376.721	valid's l1: 501.598
578.5s 268 [24800]	train's l1: 376.519	valid's l1: 501.561
580.4s 269 [24900]	train's l1: 376.33	valid's l1: 501.532
582.6s 270 [25000]	train's l1: 376.153	valid's l1: 501.492
584.6s 271 [25100]	train's l1: 375.949	valid's l1: 501.439
586.6s 272 [25200]	train's l1: 375.712	valid's l1: 501.393
588.6s 273 [25300]	train's l1: 375.484	valid's l1: 501.343
590.6s 274 [25400]	train's l1: 375.294	valid's l1: 501.289
592.7s 275 [25500]	train's l1: 375.128	valid's l1: 501.251
594.8s 276 [25600]	train's l1: 374.967	valid's l1: 501.219
596.8s 277 [25700]	train's l1: 374.801	valid's l1: 501.171
598.8s 278 [25800]	train's l1: 374.623	valid's l1: 501.12
600.8s 279 [25900]	train's l1: 374.467	valid's l1: 501.084
603.0s 280 [26000]	train's l1: 374.297	valid's l1: 501.061
607.2s 281 [26100]	train's l1: 374.139	valid's l1: 501.035
609.1s 282 [26200]	train's l1: 373.945	valid's l1: 501.008
611.1s 283 [26300]	train's l1: 373.76	valid's l1: 500.962
613.2s 284 [26400]	train's l1: 373.578	valid's l1: 500.94
615.2s 285 [26500]	train's l1: 373.366	valid's l1: 500.884
617.2s 286 [26600]	train's l1: 373.168	valid's l1: 500.824
619.2s 287 [26700]	train's l1: 372.953	valid's l1: 500.758
621.2s 288 [26800]	train's l1: 372.796	valid's l1: 500.723
623.3s 289 [26900]	train's l1: 372.617	valid's l1: 500.684
625.2s 290 [27000]	train's l1: 372.445	valid's l1: 500.643
627.2s 291 [27100]	train's l1: 372.264	valid's l1: 500.615
629.1s 292 [27200]	train's l1: 372.087	valid's l1: 500.57
631.1s 293 [27300]	train's l1: 371.913	valid's l1: 500.545
633.2s 294 [27400]	train's l1: 371.795	valid's l1: 500.524
635.2s 295 [27500]	train's l1: 371.639	valid's l1: 500.493
637.2s 296 [27600]	train's l1: 371.505	valid's l1: 500.459
641.3s 297 [27700]	train's l1: 371.354	valid's l1: 500.414
643.4s 298 [27800]	train's l1: 371.187	valid's l1: 500.38
645.3s 299 [27900]	train's l1: 371.012	valid's l1: 500.34
647.4s 300 [28000]	train's l1: 370.852	valid's l1: 500.293
649.4s 301 [28100]	train's l1: 370.687	valid's l1: 500.262
651.3s 302 [28200]	train's l1: 370.479	valid's l1: 500.219
653.4s 303 [28300]	train's l1: 370.286	valid's l1: 500.166
655.4s 304 [28400]	train's l1: 370.152	valid's l1: 500.132
657.4s 305 [28500]	train's l1: 369.987	valid's l1: 500.098
659.3s 306 [28600]	train's l1: 369.829	valid's l1: 500.061
661.4s 307 [28700]	train's l1: 369.65	valid's l1: 500.031
663.4s 308 [28800]	train's l1: 369.504	valid's l1: 500
665.4s 309 [28900]	train's l1: 369.301	valid's l1: 499.965
667.5s 310 [29000]	train's l1: 369.112	valid's l1: 499.917
669.5s 311 [29100]	train's l1: 368.966	valid's l1: 499.878
673.7s 312 [29200]	train's l1: 368.833	valid's l1: 499.83
675.7s 313 [29300]	train's l1: 368.685	valid's l1: 499.79
677.7s 314 [29400]	train's l1: 368.452	valid's l1: 499.732
679.7s 315 [29500]	train's l1: 368.269	valid's l1: 499.705
681.7s 316 [29600]	train's l1: 368.125	valid's l1: 499.67
683.9s 317 [29700]	train's l1: 367.953	valid's l1: 499.648
685.8s 318 [29800]	train's l1: 367.788	valid's l1: 499.605
687.9s 319 [29900]	train's l1: 367.633	valid's l1: 499.573
689.9s 320 [30000]	train's l1: 367.483	valid's l1: 499.545
691.9s 321 [30100]	train's l1: 367.344	valid's l1: 499.507
694.0s 322 [30200]	train's l1: 367.191	valid's l1: 499.468
696.0s 323 [30300]	train's l1: 367.007	valid's l1: 499.433
698.1s 324 [30400]	train's l1: 366.874	valid's l1: 499.397
700.1s 325 [30500]	train's l1: 366.715	valid's l1: 499.355
702.1s 326 [30600]	train's l1: 366.587	valid's l1: 499.331
704.3s 327 [30700]	train's l1: 366.443	valid's l1: 499.292
706.3s 328 [30800]	train's l1: 366.285	valid's l1: 499.269
708.3s 329 [30900]	train's l1: 366.133	valid's l1: 499.23
710.3s 330 [31000]	train's l1: 366.003	valid's l1: 499.198
712.3s 331 [31100]	train's l1: 365.89	valid's l1: 499.176
714.3s 332 [31200]	train's l1: 365.739	valid's l1: 499.144
716.4s 333 [31300]	train's l1: 365.628	valid's l1: 499.126
718.3s 334 [31400]	train's l1: 365.453	valid's l1: 499.082
720.3s 335 [31500]	train's l1: 365.299	valid's l1: 499.06
722.3s 336 [31600]	train's l1: 365.172	valid's l1: 499.022
724.4s 337 [31700]	train's l1: 365.041	valid's l1: 498.994
726.3s 338 [31800]	train's l1: 364.899	valid's l1: 498.963
728.4s 339 [31900]	train's l1: 364.753	valid's l1: 498.929
730.4s 340 [32000]	train's l1: 364.619	valid's l1: 498.886
732.6s 341 [32100]	train's l1: 364.461	valid's l1: 498.842
734.6s 342 [32200]	train's l1: 364.282	valid's l1: 498.801
736.5s 343 [32300]	train's l1: 364.154	valid's l1: 498.787
738.5s 344 [32400]	train's l1: 364.041	valid's l1: 498.753
740.4s 345 [32500]	train's l1: 363.921	valid's l1: 498.725
742.6s 346 [32600]	train's l1: 363.794	valid's l1: 498.71
744.6s 347 [32700]	train's l1: 363.661	valid's l1: 498.679
746.5s 348 [32800]	train's l1: 363.538	valid's l1: 498.635
748.5s 349 [32900]	train's l1: 363.409	valid's l1: 498.614
750.5s 350 [33000]	train's l1: 363.238	valid's l1: 498.576
752.6s 351 [33100]	train's l1: 363.095	valid's l1: 498.541
754.6s 352 [33200]	train's l1: 362.959	valid's l1: 498.517
756.6s 353 [33300]	train's l1: 362.84	valid's l1: 498.491
758.6s 354 [33400]	train's l1: 362.698	valid's l1: 498.469
760.6s 355 [33500]	train's l1: 362.56	valid's l1: 498.431
762.6s 356 [33600]	train's l1: 362.441	valid's l1: 498.406
764.6s 357 [33700]	train's l1: 362.32	valid's l1: 498.384
766.6s 358 [33800]	train's l1: 362.192	valid's l1: 498.352
768.7s 359 [33900]	train's l1: 362.029	valid's l1: 498.313
770.7s 360 [34000]	train's l1: 361.892	valid's l1: 498.286
772.8s 361 [34100]	train's l1: 361.754	valid's l1: 498.272
774.7s 362 [34200]	train's l1: 361.649	valid's l1: 498.248
776.7s 363 [34300]	train's l1: 361.53	valid's l1: 498.215
778.7s 364 [34400]	train's l1: 361.384	valid's l1: 498.204
780.7s 365 [34500]	train's l1: 361.27	valid's l1: 498.178
782.8s 366 [34600]	train's l1: 361.139	valid's l1: 498.148
784.7s 367 [34700]	train's l1: 360.999	valid's l1: 498.124
786.7s 368 [34800]	train's l1: 360.85	valid's l1: 498.096
788.7s 369 [34900]	train's l1: 360.732	valid's l1: 498.072
790.7s 370 [35000]	train's l1: 360.608	valid's l1: 498.054
792.9s 371 [35100]	train's l1: 360.503	valid's l1: 498.023
794.9s 372 [35200]	train's l1: 360.364	valid's l1: 497.992
796.9s 373 [35300]	train's l1: 360.244	valid's l1: 497.969
798.9s 374 [35400]	train's l1: 360.128	valid's l1: 497.941
800.8s 375 [35500]	train's l1: 360.016	valid's l1: 497.921
802.9s 376 [35600]	train's l1: 359.878	valid's l1: 497.884
805.0s 377 [35700]	train's l1: 359.732	valid's l1: 497.852
807.0s 378 [35800]	train's l1: 359.627	valid's l1: 497.831
809.0s 379 [35900]	train's l1: 359.511	valid's l1: 497.806
811.0s 380 [36000]	train's l1: 359.411	valid's l1: 497.783
813.1s 381 [36100]	train's l1: 359.297	valid's l1: 497.756
815.1s 382 [36200]	train's l1: 359.214	valid's l1: 497.741
817.1s 383 [36300]	train's l1: 359.092	valid's l1: 497.721
819.1s 384 [36400]	train's l1: 358.966	valid's l1: 497.694
821.1s 385 [36500]	train's l1: 358.879	valid's l1: 497.681
823.2s 386 [36600]	train's l1: 358.778	valid's l1: 497.661
825.2s 387 [36700]	train's l1: 358.657	valid's l1: 497.638
827.2s 388 [36800]	train's l1: 358.504	valid's l1: 497.615
829.3s 389 [36900]	train's l1: 358.349	valid's l1: 497.581
831.2s 390 [37000]	train's l1: 358.198	valid's l1: 497.551
833.4s 391 [37100]	train's l1: 358.089	valid's l1: 497.529
835.4s 392 [37200]	train's l1: 357.979	valid's l1: 497.504
837.4s 393 [37300]	train's l1: 357.845	valid's l1: 497.48
839.4s 394 [37400]	train's l1: 357.727	valid's l1: 497.456
841.4s 395 [37500]	train's l1: 357.628	valid's l1: 497.44
843.5s 396 [37600]	train's l1: 357.512	valid's l1: 497.412
845.5s 397 [37700]	train's l1: 357.373	valid's l1: 497.401
847.4s 398 [37800]	train's l1: 357.269	valid's l1: 497.383
849.5s 399 [37900]	train's l1: 357.139	valid's l1: 497.366
851.4s 400 [38000]	train's l1: 357.028	valid's l1: 497.337
853.4s 401 [38100]	train's l1: 356.941	valid's l1: 497.318
855.5s 402 [38200]	train's l1: 356.842	valid's l1: 497.294
857.4s 403 [38300]	train's l1: 356.74	valid's l1: 497.272
859.5s 404 [38400]	train's l1: 356.622	valid's l1: 497.248
861.5s 405 [38500]	train's l1: 356.489	valid's l1: 497.223
863.7s 406 [38600]	train's l1: 356.363	valid's l1: 497.202
865.7s 407 [38700]	train's l1: 356.249	valid's l1: 497.177
867.7s 408 [38800]	train's l1: 356.147	valid's l1: 497.159
869.7s 409 [38900]	train's l1: 356.052	valid's l1: 497.137
871.7s 410 [39000]	train's l1: 355.939	valid's l1: 497.126
873.8s 411 [39100]	train's l1: 355.852	valid's l1: 497.107
875.7s 412 [39200]	train's l1: 355.745	valid's l1: 497.093
877.7s 413 [39300]	train's l1: 355.641	valid's l1: 497.073
879.7s 414 [39400]	train's l1: 355.545	valid's l1: 497.058
881.7s 415 [39500]	train's l1: 355.413	valid's l1: 497.034
883.8s 416 [39600]	train's l1: 355.271	valid's l1: 496.99
885.8s 417 [39700]	train's l1: 355.143	valid's l1: 496.956
887.9s 418 [39800]	train's l1: 355.043	valid's l1: 496.936
889.8s 419 [39900]	train's l1: 354.951	valid's l1: 496.916
891.8s 420 [40000]	train's l1: 354.849	valid's l1: 496.901
893.9s 421 [40100]	train's l1: 354.729	valid's l1: 496.879
895.9s 422 [40200]	train's l1: 354.619	valid's l1: 496.848
897.9s 423 [40300]	train's l1: 354.514	valid's l1: 496.831
899.8s 424 [40400]	train's l1: 354.407	valid's l1: 496.822
901.8s 425 [40500]	train's l1: 354.298	valid's l1: 496.8
903.9s 426 [40600]	train's l1: 354.196	valid's l1: 496.778
905.9s 427 [40700]	train's l1: 354.085	valid's l1: 496.76
907.9s 428 [40800]	train's l1: 353.989	valid's l1: 496.744
910.0s 429 [40900]	train's l1: 353.879	valid's l1: 496.724
911.9s 430 [41000]	train's l1: 353.805	valid's l1: 496.708
914.0s 431 [41100]	train's l1: 353.695	valid's l1: 496.699
916.0s 432 [41200]	train's l1: 353.604	valid's l1: 496.679
918.0s 433 [41300]	train's l1: 353.496	valid's l1: 496.668
920.1s 434 [41400]	train's l1: 353.326	valid's l1: 496.631
922.1s 435 [41500]	train's l1: 353.182	valid's l1: 496.603
924.3s 436 [41600]	train's l1: 353.088	valid's l1: 496.591
926.3s 437 [41700]	train's l1: 352.98	valid's l1: 496.573
928.2s 438 [41800]	train's l1: 352.885	valid's l1: 496.545
930.2s 439 [41900]	train's l1: 352.776	valid's l1: 496.524
932.3s 440 [42000]	train's l1: 352.668	valid's l1: 496.51
934.3s 441 [42100]	train's l1: 352.558	valid's l1: 496.496
936.3s 442 [42200]	train's l1: 352.447	valid's l1: 496.472
938.2s 443 [42300]	train's l1: 352.371	valid's l1: 496.461
940.3s 444 [42400]	train's l1: 352.265	valid's l1: 496.448
942.3s 445 [42500]	train's l1: 352.141	valid's l1: 496.42
944.4s 446 [42600]	train's l1: 352.041	valid's l1: 496.412
946.4s 447 [42700]	train's l1: 351.935	valid's l1: 496.395
948.4s 448 [42800]	train's l1: 351.832	valid's l1: 496.39
950.4s 449 [42900]	train's l1: 351.744	valid's l1: 496.373
952.5s 450 [43000]	train's l1: 351.624	valid's l1: 496.352
954.4s 451 [43100]	train's l1: 351.536	valid's l1: 496.336
956.4s 452 [43200]	train's l1: 351.443	valid's l1: 496.321
958.3s 453 [43300]	train's l1: 351.338	valid's l1: 496.311
960.3s 454 [43400]	train's l1: 351.236	valid's l1: 496.293
962.3s 455 [43500]	train's l1: 351.125	valid's l1: 496.284
964.5s 456 [43600]	train's l1: 351.017	valid's l1: 496.264
966.4s 457 [43700]	train's l1: 350.904	valid's l1: 496.249
968.4s 458 [43800]	train's l1: 350.819	valid's l1: 496.232
970.6s 459 [43900]	train's l1: 350.738	valid's l1: 496.223
972.6s 460 [44000]	train's l1: 350.63	valid's l1: 496.207
974.6s 461 [44100]	train's l1: 350.557	valid's l1: 496.192
976.5s 462 [44200]	train's l1: 350.505	valid's l1: 496.179
978.6s 463 [44300]	train's l1: 350.388	valid's l1: 496.156
980.6s 464 [44400]	train's l1: 350.301	valid's l1: 496.145
984.9s 465 [44500]	train's l1: 350.213	valid's l1: 496.132
986.9s 466 [44600]	train's l1: 350.098	valid's l1: 496.119
988.9s 467 [44700]	train's l1: 350.022	valid's l1: 496.109
990.9s 468 [44800]	train's l1: 349.934	valid's l1: 496.102
992.9s 469 [44900]	train's l1: 349.845	valid's l1: 496.091
994.9s 470 [45000]	train's l1: 349.74	valid's l1: 496.075
996.8s 471 [45100]	train's l1: 349.642	valid's l1: 496.065
998.9s 472 [45200]	train's l1: 349.554	valid's l1: 496.042
1000.9s 473 [45300]	train's l1: 349.456	valid's l1: 496.031
1003.0s 474 [45400]	train's l1: 349.342	valid's l1: 496.02
1005.0s 475 [45500]	train's l1: 349.255	valid's l1: 496.003
1007.0s 476 [45600]	train's l1: 349.146	valid's l1: 495.993
1009.0s 477 [45700]	train's l1: 349.056	valid's l1: 495.98
1011.0s 478 [45800]	train's l1: 348.977	valid's l1: 495.965
1013.1s 479 [45900]	train's l1: 348.885	valid's l1: 495.944
1017.2s 480 [46000]	train's l1: 348.808	valid's l1: 495.933
1019.2s 481 [46100]	train's l1: 348.731	valid's l1: 495.921
1021.2s 482 [46200]	train's l1: 348.63	valid's l1: 495.914
1023.3s 483 [46300]	train's l1: 348.515	valid's l1: 495.889
1025.3s 484 [46400]	train's l1: 348.422	valid's l1: 495.869
1027.3s 485 [46500]	train's l1: 348.337	valid's l1: 495.859
1029.3s 486 [46600]	train's l1: 348.232	valid's l1: 495.835
1031.3s 487 [46700]	train's l1: 348.128	valid's l1: 495.822
1033.4s 488 [46800]	train's l1: 348.033	valid's l1: 495.811
1035.4s 489 [46900]	train's l1: 347.946	valid's l1: 495.798
1037.4s 490 [47000]	train's l1: 347.847	valid's l1: 495.784
1039.3s 491 [47100]	train's l1: 347.787	valid's l1: 495.768
1041.3s 492 [47200]	train's l1: 347.697	valid's l1: 495.753
1043.4s 493 [47300]	train's l1: 347.598	valid's l1: 495.727
1045.3s 494 [47400]	train's l1: 347.532	valid's l1: 495.713
1049.5s 495 [47500]	train's l1: 347.446	valid's l1: 495.704
1051.4s 496 [47600]	train's l1: 347.352	valid's l1: 495.697
1053.5s 497 [47700]	train's l1: 347.262	valid's l1: 495.676
1055.6s 498 [47800]	train's l1: 347.169	valid's l1: 495.648
1057.6s 499 [47900]	train's l1: 347.087	valid's l1: 495.638
1059.6s 500 [48000]	train's l1: 346.987	valid's l1: 495.619
1061.7s 501 [48100]	train's l1: 346.919	valid's l1: 495.601
1063.8s 502 [48200]	train's l1: 346.828	valid's l1: 495.586
1065.8s 503 [48300]	train's l1: 346.739	valid's l1: 495.57
1067.9s 504 [48400]	train's l1: 346.647	valid's l1: 495.554
1069.9s 505 [48500]	train's l1: 346.558	valid's l1: 495.545
1071.9s 506 [48600]	train's l1: 346.473	valid's l1: 495.546
1074.0s 507 [48700]	train's l1: 346.375	valid's l1: 495.531
1076.0s 508 [48800]	train's l1: 346.294	valid's l1: 495.516
1078.0s 509 [48900]	train's l1: 346.219	valid's l1: 495.514
1082.1s 510 [49000]	train's l1: 346.097	valid's l1: 495.501
1084.1s 511 [49100]	train's l1: 346.025	valid's l1: 495.481
1086.2s 512 [49200]	train's l1: 345.951	valid's l1: 495.469
1088.2s 513 [49300]	train's l1: 345.874	valid's l1: 495.457
1090.1s 514 [49400]	train's l1: 345.784	valid's l1: 495.452
1092.2s 515 [49500]	train's l1: 345.697	valid's l1: 495.437
1094.2s 516 [49600]	train's l1: 345.619	valid's l1: 495.433
1096.2s 517 [49700]	train's l1: 345.55	valid's l1: 495.419
1098.1s 518 [49800]	train's l1: 345.47	valid's l1: 495.395
1100.0s 519 [49900]	train's l1: 345.397	valid's l1: 495.38
1102.0s 520 [50000]	train's l1: 345.307	valid's l1: 495.362
1104.1s 521 [50100]	train's l1: 345.241	valid's l1: 495.35
1106.0s 522 [50200]	train's l1: 345.17	valid's l1: 495.339
1108.0s 523 [50300]	train's l1: 345.1	valid's l1: 495.319
1110.0s 524 [50400]	train's l1: 345.015	valid's l1: 495.312
1112.5s 525 [50500]	train's l1: 344.931	valid's l1: 495.306
1116.1s 526 [50600]	train's l1: 344.852	valid's l1: 495.292
1118.1s 527 [50700]	train's l1: 344.775	valid's l1: 495.279
1120.0s 528 [50800]	train's l1: 344.702	valid's l1: 495.271
1122.0s 529 [50900]	train's l1: 344.62	valid's l1: 495.254
1124.3s 530 [51000]	train's l1: 344.554	valid's l1: 495.238
1126.2s 531 [51100]	train's l1: 344.503	valid's l1: 495.229
1128.2s 532 [51200]	train's l1: 344.405	valid's l1: 495.203
1130.1s 533 [51300]	train's l1: 344.347	valid's l1: 495.197
1132.1s 534 [51400]	train's l1: 344.264	valid's l1: 495.192
1134.2s 535 [51500]	train's l1: 344.182	valid's l1: 495.181
1136.2s 536 [51600]	train's l1: 344.092	valid's l1: 495.158
1138.2s 537 [51700]	train's l1: 343.996	valid's l1: 495.143
1140.1s 538 [51800]	train's l1: 343.924	valid's l1: 495.126
1142.0s 539 [51900]	train's l1: 343.846	valid's l1: 495.108
1144.2s 540 [52000]	train's l1: 343.777	valid's l1: 495.1
1148.3s 541 [52100]	train's l1: 343.68	valid's l1: 495.085
1150.3s 542 [52200]	train's l1: 343.61	valid's l1: 495.066
1152.3s 543 [52300]	train's l1: 343.539	valid's l1: 495.049
1154.4s 544 [52400]	train's l1: 343.466	valid's l1: 495.035
1156.4s 545 [52500]	train's l1: 343.375	valid's l1: 495.022
1158.4s 546 [52600]	train's l1: 343.29	valid's l1: 495.006
1160.4s 547 [52700]	train's l1: 343.203	valid's l1: 495.006
1162.5s 548 [52800]	train's l1: 343.119	valid's l1: 494.992
1164.5s 549 [52900]	train's l1: 343.048	valid's l1: 494.983
1166.4s 550 [53000]	train's l1: 342.974	valid's l1: 494.979
1168.4s 551 [53100]	train's l1: 342.913	valid's l1: 494.971
1170.3s 552 [53200]	train's l1: 342.832	valid's l1: 494.952
1172.3s 553 [53300]	train's l1: 342.75	valid's l1: 494.938
1174.4s 554 [53400]	train's l1: 342.681	valid's l1: 494.921
1176.3s 555 [53500]	train's l1: 342.626	valid's l1: 494.909
1180.4s 556 [53600]	train's l1: 342.56	valid's l1: 494.893
1182.5s 557 [53700]	train's l1: 342.487	valid's l1: 494.877
1184.6s 558 [53800]	train's l1: 342.391	valid's l1: 494.869
1186.5s 559 [53900]	train's l1: 342.313	valid's l1: 494.861
1188.5s 560 [54000]	train's l1: 342.241	valid's l1: 494.85
1190.5s 561 [54100]	train's l1: 342.172	valid's l1: 494.845
1192.5s 562 [54200]	train's l1: 342.106	valid's l1: 494.833
1194.5s 563 [54300]	train's l1: 342.028	valid's l1: 494.82
1196.5s 564 [54400]	train's l1: 341.94	valid's l1: 494.81
1198.5s 565 [54500]	train's l1: 341.872	valid's l1: 494.798
1200.5s 566 [54600]	train's l1: 341.779	valid's l1: 494.784
1202.7s 567 [54700]	train's l1: 341.724	valid's l1: 494.772
1204.8s 568 [54800]	train's l1: 341.652	valid's l1: 494.764
1206.8s 569 [54900]	train's l1: 341.544	valid's l1: 494.739
1208.9s 570 [55000]	train's l1: 341.459	valid's l1: 494.716
1213.1s 571 [55100]	train's l1: 341.371	valid's l1: 494.71
1215.2s 572 [55200]	train's l1: 341.29	valid's l1: 494.691
1217.1s 573 [55300]	train's l1: 341.227	valid's l1: 494.685
1219.1s 574 [55400]	train's l1: 341.171	valid's l1: 494.675
1221.1s 575 [55500]	train's l1: 341.102	valid's l1: 494.656
1223.2s 576 [55600]	train's l1: 341.042	valid's l1: 494.646
1225.2s 577 [55700]	train's l1: 340.973	valid's l1: 494.636
1227.2s 578 [55800]	train's l1: 340.914	valid's l1: 494.626
1229.1s 579 [55900]	train's l1: 340.854	valid's l1: 494.61
1231.1s 580 [56000]	train's l1: 340.774	valid's l1: 494.594
1233.2s 581 [56100]	train's l1: 340.709	valid's l1: 494.589
1235.2s 582 [56200]	train's l1: 340.636	valid's l1: 494.577
1237.1s 583 [56300]	train's l1: 340.56	valid's l1: 494.565
1239.1s 584 [56400]	train's l1: 340.473	valid's l1: 494.549
1241.1s 585 [56500]	train's l1: 340.408	valid's l1: 494.542
1245.3s 586 [56600]	train's l1: 340.334	valid's l1: 494.528
1247.3s 587 [56700]	train's l1: 340.268	valid's l1: 494.515
1249.3s 588 [56800]	train's l1: 340.19	valid's l1: 494.501
1251.3s 589 [56900]	train's l1: 340.132	valid's l1: 494.49
1253.3s 590 [57000]	train's l1: 340.06	valid's l1: 494.485
1255.3s 591 [57100]	train's l1: 340.006	valid's l1: 494.469
1257.2s 592 [57200]	train's l1: 339.946	valid's l1: 494.464
1259.2s 593 [57300]	train's l1: 339.887	valid's l1: 494.455
1261.2s 594 [57400]	train's l1: 339.811	valid's l1: 494.436
1263.2s 595 [57500]	train's l1: 339.725	valid's l1: 494.394
1265.2s 596 [57600]	train's l1: 339.667	valid's l1: 494.379
1267.1s 597 [57700]	train's l1: 339.589	valid's l1: 494.367
1269.1s 598 [57800]	train's l1: 339.526	valid's l1: 494.357
1271.1s 599 [57900]	train's l1: 339.446	valid's l1: 494.335
1273.2s 600 [58000]	train's l1: 339.366	valid's l1: 494.316
1275.3s 601 [58100]	train's l1: 339.285	valid's l1: 494.302
1279.4s 602 [58200]	train's l1: 339.217	valid's l1: 494.297
1281.4s 603 [58300]	train's l1: 339.158	valid's l1: 494.29
1283.4s 604 [58400]	train's l1: 339.104	valid's l1: 494.283
1285.4s 605 [58500]	train's l1: 339.053	valid's l1: 494.27
1287.3s 606 [58600]	train's l1: 338.981	valid's l1: 494.266
1289.3s 607 [58700]	train's l1: 338.902	valid's l1: 494.249
1291.3s 608 [58800]	train's l1: 338.852	valid's l1: 494.242
1293.4s 609 [58900]	train's l1: 338.765	valid's l1: 494.227
1295.4s 610 [59000]	train's l1: 338.683	valid's l1: 494.21
1297.4s 611 [59100]	train's l1: 338.608	valid's l1: 494.195
1299.4s 612 [59200]	train's l1: 338.545	valid's l1: 494.195
1301.3s 613 [59300]	train's l1: 338.484	valid's l1: 494.179
1303.4s 614 [59400]	train's l1: 338.404	valid's l1: 494.165
1305.4s 615 [59500]	train's l1: 338.338	valid's l1: 494.157
1307.4s 616 [59600]	train's l1: 338.281	valid's l1: 494.147
1311.6s 617 [59700]	train's l1: 338.213	valid's l1: 494.137
1313.6s 618 [59800]	train's l1: 338.15	valid's l1: 494.117
1315.5s 619 [59900]	train's l1: 338.092	valid's l1: 494.099
1317.5s 620 [60000]	train's l1: 338.026	valid's l1: 494.089
1319.5s 621 [60100]	train's l1: 337.961	valid's l1: 494.084
1321.5s 622 [60200]	train's l1: 337.905	valid's l1: 494.075
1323.5s 623 [60300]	train's l1: 337.823	valid's l1: 494.059
1325.5s 624 [60400]	train's l1: 337.761	valid's l1: 494.056
1327.4s 625 [60500]	train's l1: 337.702	valid's l1: 494.044
1329.4s 626 [60600]	train's l1: 337.632	valid's l1: 494.034
1331.3s 627 [60700]	train's l1: 337.54	valid's l1: 494.029
1333.4s 628 [60800]	train's l1: 337.459	valid's l1: 494.019
1335.4s 629 [60900]	train's l1: 337.401	valid's l1: 494.006
1337.4s 630 [61000]	train's l1: 337.348	valid's l1: 493.998
1339.4s 631 [61100]	train's l1: 337.293	valid's l1: 493.985
1343.6s 632 [61200]	train's l1: 337.227	valid's l1: 493.973
1345.5s 633 [61300]	train's l1: 337.168	valid's l1: 493.97
1347.5s 634 [61400]	train's l1: 337.11	valid's l1: 493.959
1349.5s 635 [61500]	train's l1: 337.037	valid's l1: 493.945
1351.4s 636 [61600]	train's l1: 336.982	valid's l1: 493.941
1353.5s 637 [61700]	train's l1: 336.904	valid's l1: 493.932
1355.5s 638 [61800]	train's l1: 336.831	valid's l1: 493.924
1357.5s 639 [61900]	train's l1: 336.738	valid's l1: 493.905
1359.4s 640 [62000]	train's l1: 336.674	valid's l1: 493.894
1361.3s 641 [62100]	train's l1: 336.614	valid's l1: 493.88
1363.5s 642 [62200]	train's l1: 336.564	valid's l1: 493.869
1365.4s 643 [62300]	train's l1: 336.51	valid's l1: 493.859
1367.4s 644 [62400]	train's l1: 336.452	valid's l1: 493.845
1369.3s 645 [62500]	train's l1: 336.39	valid's l1: 493.834
1371.3s 646 [62600]	train's l1: 336.313	valid's l1: 493.821
1373.4s 647 [62700]	train's l1: 336.245	valid's l1: 493.815
1377.6s 648 [62800]	train's l1: 336.186	valid's l1: 493.811
1379.6s 649 [62900]	train's l1: 336.109	valid's l1: 493.798
1381.5s 650 [63000]	train's l1: 336.024	valid's l1: 493.794
1383.7s 651 [63100]	train's l1: 335.949	valid's l1: 493.782
1385.7s 652 [63200]	train's l1: 335.874	valid's l1: 493.773
1387.7s 653 [63300]	train's l1: 335.821	valid's l1: 493.77
1389.7s 654 [63400]	train's l1: 335.733	valid's l1: 493.75
1391.7s 655 [63500]	train's l1: 335.662	valid's l1: 493.739
1393.8s 656 [63600]	train's l1: 335.583	valid's l1: 493.723
1395.7s 657 [63700]	train's l1: 335.528	valid's l1: 493.718
1397.7s 658 [63800]	train's l1: 335.454	valid's l1: 493.707
1399.6s 659 [63900]	train's l1: 335.391	valid's l1: 493.698
1401.7s 660 [64000]	train's l1: 335.323	valid's l1: 493.688
1403.8s 661 [64100]	train's l1: 335.276	valid's l1: 493.676
1405.8s 662 [64200]	train's l1: 335.212	valid's l1: 493.665
1410.0s 663 [64300]	train's l1: 335.134	valid's l1: 493.651
1411.9s 664 [64400]	train's l1: 335.03	valid's l1: 493.639
1414.1s 665 [64500]	train's l1: 334.941	valid's l1: 493.628
1416.0s 666 [64600]	train's l1: 334.89	valid's l1: 493.619
1418.0s 667 [64700]	train's l1: 334.83	valid's l1: 493.605
1420.0s 668 [64800]	train's l1: 334.755	valid's l1: 493.593
1421.9s 669 [64900]	train's l1: 334.685	valid's l1: 493.589
1424.0s 670 [65000]	train's l1: 334.632	valid's l1: 493.578
1426.0s 671 [65100]	train's l1: 334.556	valid's l1: 493.567
1427.9s 672 [65200]	train's l1: 334.485	valid's l1: 493.562
1429.9s 673 [65300]	train's l1: 334.436	valid's l1: 493.556
1431.8s 674 [65400]	train's l1: 334.37	valid's l1: 493.535
1433.9s 675 [65500]	train's l1: 334.299	valid's l1: 493.519
1435.9s 676 [65600]	train's l1: 334.247	valid's l1: 493.52
1437.8s 677 [65700]	train's l1: 334.197	valid's l1: 493.513
1442.0s 678 [65800]	train's l1: 334.139	valid's l1: 493.504
1444.1s 679 [65900]	train's l1: 334.083	valid's l1: 493.487
1446.2s 680 [66000]	train's l1: 334.012	valid's l1: 493.469
1448.2s 681 [66100]	train's l1: 333.94	valid's l1: 493.463
1450.2s 682 [66200]	train's l1: 333.878	valid's l1: 493.455
1452.2s 683 [66300]	train's l1: 333.809	valid's l1: 493.445
1454.3s 684 [66400]	train's l1: 333.758	valid's l1: 493.438
1456.2s 685 [66500]	train's l1: 333.713	valid's l1: 493.432
1458.2s 686 [66600]	train's l1: 333.663	valid's l1: 493.428
1460.1s 687 [66700]	train's l1: 333.596	valid's l1: 493.415
1462.1s 688 [66800]	train's l1: 333.527	valid's l1: 493.398
1464.2s 689 [66900]	train's l1: 333.465	valid's l1: 493.394
1466.2s 690 [67000]	train's l1: 333.407	valid's l1: 493.38
1468.2s 691 [67100]	train's l1: 333.345	valid's l1: 493.36
1470.2s 692 [67200]	train's l1: 333.289	valid's l1: 493.345
1474.4s 693 [67300]	train's l1: 333.22	valid's l1: 493.338
1476.3s 694 [67400]	train's l1: 333.16	valid's l1: 493.339
1478.3s 695 [67500]	train's l1: 333.098	valid's l1: 493.329
1480.3s 696 [67600]	train's l1: 333.024	valid's l1: 493.32
1482.2s 697 [67700]	train's l1: 332.949	valid's l1: 493.318
1484.3s 698 [67800]	train's l1: 332.888	valid's l1: 493.306
1486.3s 699 [67900]	train's l1: 332.828	valid's l1: 493.3
1488.3s 700 [68000]	train's l1: 332.764	valid's l1: 493.285
1490.2s 701 [68100]	train's l1: 332.712	valid's l1: 493.279
1492.3s 702 [68200]	train's l1: 332.647	valid's l1: 493.262
1494.3s 703 [68300]	train's l1: 332.597	valid's l1: 493.254
1496.3s 704 [68400]	train's l1: 332.547	valid's l1: 493.236
1498.3s 705 [68500]	train's l1: 332.483	valid's l1: 493.234
1500.3s 706 [68600]	train's l1: 332.421	valid's l1: 493.218
1502.3s 707 [68700]	train's l1: 332.364	valid's l1: 493.211
1504.5s 708 [68800]	train's l1: 332.32	valid's l1: 493.206
1508.5s 709 [68900]	train's l1: 332.261	valid's l1: 493.197
1510.5s 710 [69000]	train's l1: 332.204	valid's l1: 493.18
1512.6s 711 [69100]	train's l1: 332.168	valid's l1: 493.175
1514.6s 712 [69200]	train's l1: 332.11	valid's l1: 493.17
1516.6s 713 [69300]	train's l1: 332.054	valid's l1: 493.162
1518.6s 714 [69400]	train's l1: 331.995	valid's l1: 493.157
1520.6s 715 [69500]	train's l1: 331.949	valid's l1: 493.149
1522.7s 716 [69600]	train's l1: 331.906	valid's l1: 493.143
1524.7s 717 [69700]	train's l1: 331.846	valid's l1: 493.138
1526.7s 718 [69800]	train's l1: 331.784	valid's l1: 493.128
1528.7s 719 [69900]	train's l1: 331.732	valid's l1: 493.118
1530.7s 720 [70000]	train's l1: 331.683	valid's l1: 493.105
1532.8s 721 [70100]	train's l1: 331.625	valid's l1: 493.092
1534.9s 722 [70200]	train's l1: 331.562	valid's l1: 493.086
1536.8s 723 [70300]	train's l1: 331.493	valid's l1: 493.073
1541.0s 724 [70400]	train's l1: 331.436	valid's l1: 493.068
1543.1s 725 [70500]	train's l1: 331.396	valid's l1: 493.054
1545.2s 726 [70600]	train's l1: 331.342	valid's l1: 493.043
1547.2s 727 [70700]	train's l1: 331.28	valid's l1: 493.038
1549.2s 728 [70800]	train's l1: 331.211	valid's l1: 493.032
1551.3s 729 [70900]	train's l1: 331.145	valid's l1: 493.023
1553.3s 730 [71000]	train's l1: 331.094	valid's l1: 493.01
1555.3s 731 [71100]	train's l1: 331.031	valid's l1: 493.006
1557.2s 732 [71200]	train's l1: 330.988	valid's l1: 492.997
1559.2s 733 [71300]	train's l1: 330.926	valid's l1: 492.989
1561.2s 734 [71400]	train's l1: 330.868	valid's l1: 492.976
1563.2s 735 [71500]	train's l1: 330.806	valid's l1: 492.968
1565.4s 736 [71600]	train's l1: 330.74	valid's l1: 492.964
1567.4s 737 [71700]	train's l1: 330.667	valid's l1: 492.957
1569.3s 738 [71800]	train's l1: 330.621	valid's l1: 492.948
1573.5s 739 [71900]	train's l1: 330.579	valid's l1: 492.943
1575.5s 740 [72000]	train's l1: 330.518	valid's l1: 492.926
1577.4s 741 [72100]	train's l1: 330.449	valid's l1: 492.907
1579.4s 742 [72200]	train's l1: 330.387	valid's l1: 492.906
1581.4s 743 [72300]	train's l1: 330.321	valid's l1: 492.899
1583.5s 744 [72400]	train's l1: 330.279	valid's l1: 492.899
1585.5s 745 [72500]	train's l1: 330.237	valid's l1: 492.89
1587.5s 746 [72600]	train's l1: 330.187	valid's l1: 492.884
1589.4s 747 [72700]	train's l1: 330.141	valid's l1: 492.88
1591.4s 748 [72800]	train's l1: 330.082	valid's l1: 492.87
1593.4s 749 [72900]	train's l1: 330.047	valid's l1: 492.864
1595.4s 750 [73000]	train's l1: 330.002	valid's l1: 492.852
1597.4s 751 [73100]	train's l1: 329.959	valid's l1: 492.842
1599.3s 752 [73200]	train's l1: 329.911	valid's l1: 492.835
1601.3s 753 [73300]	train's l1: 329.847	valid's l1: 492.831
1605.5s 754 [73400]	train's l1: 329.79	valid's l1: 492.82
1607.5s 755 [73500]	train's l1: 329.679	valid's l1: 492.801
1609.6s 756 [73600]	train's l1: 329.613	valid's l1: 492.792
1611.6s 757 [73700]	train's l1: 329.523	valid's l1: 492.787
1613.7s 758 [73800]	train's l1: 329.447	valid's l1: 492.777
1615.7s 759 [73900]	train's l1: 329.357	valid's l1: 492.772
1617.7s 760 [74000]	train's l1: 329.314	valid's l1: 492.767
1619.7s 761 [74100]	train's l1: 329.26	valid's l1: 492.761
1621.7s 762 [74200]	train's l1: 329.217	valid's l1: 492.75
1623.9s 763 [74300]	train's l1: 329.174	valid's l1: 492.75
1625.9s 764 [74400]	train's l1: 329.12	valid's l1: 492.745
1628.1s 765 [74500]	train's l1: 329.054	valid's l1: 492.732
1630.0s 766 [74600]	train's l1: 328.983	valid's l1: 492.724
1632.1s 767 [74700]	train's l1: 328.939	valid's l1: 492.719
1634.3s 768 [74800]	train's l1: 328.883	valid's l1: 492.714
1638.4s 769 [74900]	train's l1: 328.832	valid's l1: 492.701
1640.4s 770 [75000]	train's l1: 328.769	valid's l1: 492.698
1642.6s 771 [75100]	train's l1: 328.71	valid's l1: 492.689
1644.6s 772 [75200]	train's l1: 328.647	valid's l1: 492.678
1646.6s 773 [75300]	train's l1: 328.585	valid's l1: 492.674
1648.6s 774 [75400]	train's l1: 328.522	valid's l1: 492.664
1650.5s 775 [75500]	train's l1: 328.486	valid's l1: 492.656
1652.5s 776 [75600]	train's l1: 328.449	valid's l1: 492.649
1654.5s 777 [75700]	train's l1: 328.403	valid's l1: 492.642
1656.6s 778 [75800]	train's l1: 328.355	valid's l1: 492.633
1658.7s 779 [75900]	train's l1: 328.31	valid's l1: 492.624
1660.6s 780 [76000]	train's l1: 328.251	valid's l1: 492.624
1662.7s 781 [76100]	train's l1: 328.203	valid's l1: 492.619
1664.7s 782 [76200]	train's l1: 328.163	valid's l1: 492.612
1666.6s 783 [76300]	train's l1: 328.121	valid's l1: 492.613
1670.8s 784 [76400]	train's l1: 328.074	valid's l1: 492.606
1672.9s 785 [76500]	train's l1: 328.02	valid's l1: 492.599
1674.9s 786 [76600]	train's l1: 327.964	valid's l1: 492.592
1676.9s 787 [76700]	train's l1: 327.91	valid's l1: 492.582
1678.9s 788 [76800]	train's l1: 327.869	valid's l1: 492.577
1680.8s 789 [76900]	train's l1: 327.82	valid's l1: 492.565
1682.9s 790 [77000]	train's l1: 327.781	valid's l1: 492.559
1684.9s 791 [77100]	train's l1: 327.737	valid's l1: 492.554
1687.0s 792 [77200]	train's l1: 327.684	valid's l1: 492.549
1689.2s 793 [77300]	train's l1: 327.6	valid's l1: 492.534
1691.2s 794 [77400]	train's l1: 327.54	valid's l1: 492.526
1693.2s 795 [77500]	train's l1: 327.49	valid's l1: 492.516
1695.3s 796 [77600]	train's l1: 327.434	valid's l1: 492.504
1697.4s 797 [77700]	train's l1: 327.398	valid's l1: 492.5
1699.4s 798 [77800]	train's l1: 327.359	valid's l1: 492.487
1703.7s 799 [77900]	train's l1: 327.31	valid's l1: 492.48
1705.7s 800 [78000]	train's l1: 327.246	valid's l1: 492.468
1707.7s 801 [78100]	train's l1: 327.191	valid's l1: 492.459
1709.7s 802 [78200]	train's l1: 327.137	valid's l1: 492.453
1711.7s 803 [78300]	train's l1: 327.095	valid's l1: 492.448
1713.8s 804 [78400]	train's l1: 327.042	valid's l1: 492.439
1715.9s 805 [78500]	train's l1: 326.992	valid's l1: 492.441
1717.9s 806 [78600]	train's l1: 326.941	valid's l1: 492.43
1720.1s 807 [78700]	train's l1: 326.883	valid's l1: 492.427
1722.1s 808 [78800]	train's l1: 326.835	valid's l1: 492.418
1724.2s 809 [78900]	train's l1: 326.791	valid's l1: 492.412
1726.2s 810 [79000]	train's l1: 326.749	valid's l1: 492.405
1728.2s 811 [79100]	train's l1: 326.716	valid's l1: 492.393
1730.2s 812 [79200]	train's l1: 326.68	valid's l1: 492.385
1732.2s 813 [79300]	train's l1: 326.634	valid's l1: 492.381
1736.5s 814 [79400]	train's l1: 326.59	valid's l1: 492.373
1738.5s 815 [79500]	train's l1: 326.54	valid's l1: 492.366
1740.5s 816 [79600]	train's l1: 326.494	valid's l1: 492.362
1742.6s 817 [79700]	train's l1: 326.449	valid's l1: 492.361
1744.6s 818 [79800]	train's l1: 326.392	valid's l1: 492.354
1746.6s 819 [79900]	train's l1: 326.336	valid's l1: 492.355
1748.7s 820 [80000]	train's l1: 326.292	valid's l1: 492.348
1750.8s 821 [80100]	train's l1: 326.246	valid's l1: 492.341
1752.8s 822 [80200]	train's l1: 326.19	valid's l1: 492.333
1754.8s 823 [80300]	train's l1: 326.118	valid's l1: 492.328
1756.9s 824 [80400]	train's l1: 326.059	valid's l1: 492.324
1758.9s 825 [80500]	train's l1: 326.017	valid's l1: 492.316
1760.9s 826 [80600]	train's l1: 325.971	valid's l1: 492.305
1763.0s 827 [80700]	train's l1: 325.905	valid's l1: 492.299
1765.0s 828 [80800]	train's l1: 325.851	valid's l1: 492.293
1769.1s 829 [80900]	train's l1: 325.82	valid's l1: 492.29
1771.0s 830 [81000]	train's l1: 325.766	valid's l1: 492.281
1773.1s 831 [81100]	train's l1: 325.731	valid's l1: 492.275
1775.1s 832 [81200]	train's l1: 325.678	valid's l1: 492.268
1777.1s 833 [81300]	train's l1: 325.632	valid's l1: 492.258
1779.1s 834 [81400]	train's l1: 325.592	valid's l1: 492.247
1781.2s 835 [81500]	train's l1: 325.552	valid's l1: 492.24
1783.2s 836 [81600]	train's l1: 325.51	valid's l1: 492.236
1785.2s 837 [81700]	train's l1: 325.454	valid's l1: 492.235
1787.1s 838 [81800]	train's l1: 325.406	valid's l1: 492.227
1789.1s 839 [81900]	train's l1: 325.365	valid's l1: 492.222
1791.2s 840 [82000]	train's l1: 325.315	valid's l1: 492.215
1793.3s 841 [82100]	train's l1: 325.271	valid's l1: 492.206
1795.2s 842 [82200]	train's l1: 325.235	valid's l1: 492.204
1797.2s 843 [82300]	train's l1: 325.184	valid's l1: 492.2
1801.3s 844 [82400]	train's l1: 325.155	valid's l1: 492.198
1803.5s 845 [82500]	train's l1: 325.105	valid's l1: 492.189
1805.5s 846 [82600]	train's l1: 325.058	valid's l1: 492.184
1807.5s 847 [82700]	train's l1: 325.016	valid's l1: 492.179
1809.6s 848 [82800]	train's l1: 324.976	valid's l1: 492.173
1811.7s 849 [82900]	train's l1: 324.931	valid's l1: 492.169
1813.8s 850 [83000]	train's l1: 324.885	valid's l1: 492.163
1815.7s 851 [83100]	train's l1: 324.828	valid's l1: 492.162
1817.9s 852 [83200]	train's l1: 324.78	valid's l1: 492.158
1820.0s 853 [83300]	train's l1: 324.729	valid's l1: 492.148
1822.0s 854 [83400]	train's l1: 324.663	valid's l1: 492.141
1824.1s 855 [83500]	train's l1: 324.621	valid's l1: 492.137
1826.2s 856 [83600]	train's l1: 324.573	valid's l1: 492.127
1828.2s 857 [83700]	train's l1: 324.527	valid's l1: 492.121
1830.3s 858 [83800]	train's l1: 324.482	valid's l1: 492.109
1834.6s 859 [83900]	train's l1: 324.432	valid's l1: 492.099
1836.5s 860 [84000]	train's l1: 324.392	valid's l1: 492.096
1838.6s 861 [84100]	train's l1: 324.349	valid's l1: 492.088
1840.6s 862 [84200]	train's l1: 324.305	valid's l1: 492.084
1842.9s 863 [84300]	train's l1: 324.274	valid's l1: 492.078
1844.8s 864 [84400]	train's l1: 324.22	valid's l1: 492.065
1846.9s 865 [84500]	train's l1: 324.169	valid's l1: 492.062
1848.9s 866 [84600]	train's l1: 324.107	valid's l1: 492.062
1850.9s 867 [84700]	train's l1: 324.065	valid's l1: 492.059
1853.0s 868 [84800]	train's l1: 324.015	valid's l1: 492.048
1855.0s 869 [84900]	train's l1: 323.954	valid's l1: 492.036
1857.0s 870 [85000]	train's l1: 323.902	valid's l1: 492.027
1859.0s 871 [85100]	train's l1: 323.869	valid's l1: 492.021
1861.0s 872 [85200]	train's l1: 323.833	valid's l1: 492.016
1863.1s 873 [85300]	train's l1: 323.791	valid's l1: 492.007
1867.2s 874 [85400]	train's l1: 323.746	valid's l1: 492.004
1869.2s 875 [85500]	train's l1: 323.707	valid's l1: 492.002
1871.1s 876 [85600]	train's l1: 323.681	valid's l1: 491.996
1873.4s 877 [85700]	train's l1: 323.632	valid's l1: 491.993
1875.3s 878 [85800]	train's l1: 323.59	valid's l1: 491.988
1877.3s 879 [85900]	train's l1: 323.55	valid's l1: 491.981
1879.4s 880 [86000]	train's l1: 323.497	valid's l1: 491.97
1881.4s 881 [86100]	train's l1: 323.45	valid's l1: 491.971
1883.5s 882 [86200]	train's l1: 323.403	valid's l1: 491.963
1885.4s 883 [86300]	train's l1: 323.36	valid's l1: 491.961
1887.5s 884 [86400]	train's l1: 323.306	valid's l1: 491.961
1889.5s 885 [86500]	train's l1: 323.263	valid's l1: 491.955
1891.4s 886 [86600]	train's l1: 323.222	valid's l1: 491.95
1893.6s 887 [86700]	train's l1: 323.16	valid's l1: 491.949
1895.6s 888 [86800]	train's l1: 323.106	valid's l1: 491.945
1899.7s 889 [86900]	train's l1: 323.062	valid's l1: 491.943
1901.7s 890 [87000]	train's l1: 323.006	valid's l1: 491.939
1903.9s 891 [87100]	train's l1: 322.96	valid's l1: 491.934
1905.9s 892 [87200]	train's l1: 322.919	valid's l1: 491.928
1907.8s 893 [87300]	train's l1: 322.884	valid's l1: 491.923
1909.8s 894 [87400]	train's l1: 322.851	valid's l1: 491.923
1911.8s 895 [87500]	train's l1: 322.818	valid's l1: 491.919
1913.9s 896 [87600]	train's l1: 322.776	valid's l1: 491.914
1915.9s 897 [87700]	train's l1: 322.739	valid's l1: 491.908
1917.8s 898 [87800]	train's l1: 322.695	valid's l1: 491.902
1919.8s 899 [87900]	train's l1: 322.643	valid's l1: 491.891
1921.7s 900 [88000]	train's l1: 322.609	valid's l1: 491.887
1923.8s 901 [88100]	train's l1: 322.57	valid's l1: 491.881
1925.7s 902 [88200]	train's l1: 322.53	valid's l1: 491.878
1927.7s 903 [88300]	train's l1: 322.49	valid's l1: 491.881
1929.7s 904 [88400]	train's l1: 322.458	valid's l1: 491.88
1933.8s 905 [88500]	train's l1: 322.423	valid's l1: 491.874
1936.0s 906 [88600]	train's l1: 322.386	valid's l1: 491.862
1937.9s 907 [88700]	train's l1: 322.349	valid's l1: 491.862
1939.9s 908 [88800]	train's l1: 322.31	valid's l1: 491.859
1941.9s 909 [88900]	train's l1: 322.267	valid's l1: 491.855
1943.9s 910 [89000]	train's l1: 322.224	valid's l1: 491.849
1945.9s 911 [89100]	train's l1: 322.189	valid's l1: 491.845
1947.9s 912 [89200]	train's l1: 322.143	valid's l1: 491.84
1949.9s 913 [89300]	train's l1: 322.104	valid's l1: 491.831
1951.8s 914 [89400]	train's l1: 322.076	valid's l1: 491.829
1954.0s 915 [89500]	train's l1: 322.038	valid's l1: 491.821
1955.9s 916 [89600]	train's l1: 321.996	valid's l1: 491.814
1957.9s 917 [89700]	train's l1: 321.959	valid's l1: 491.806
1960.0s 918 [89800]	train's l1: 321.919	valid's l1: 491.8
1961.9s 919 [89900]	train's l1: 321.88	valid's l1: 491.797
1966.3s 920 [90000]	train's l1: 321.842	valid's l1: 491.788
1968.2s 921 [90100]	train's l1: 321.812	valid's l1: 491.785
1970.2s 922 [90200]	train's l1: 321.766	valid's l1: 491.786
1972.2s 923 [90300]	train's l1: 321.738	valid's l1: 491.779
1974.3s 924 [90400]	train's l1: 321.704	valid's l1: 491.773
1976.2s 925 [90500]	train's l1: 321.664	valid's l1: 491.766
1978.2s 926 [90600]	train's l1: 321.616	valid's l1: 491.767
1980.2s 927 [90700]	train's l1: 321.581	valid's l1: 491.764
1982.3s 928 [90800]	train's l1: 321.543	valid's l1: 491.756
1984.4s 929 [90900]	train's l1: 321.503	valid's l1: 491.752
1986.4s 930 [91000]	train's l1: 321.465	valid's l1: 491.744
1988.5s 931 [91100]	train's l1: 321.427	valid's l1: 491.739
1990.4s 932 [91200]	train's l1: 321.395	valid's l1: 491.738
1992.5s 933 [91300]	train's l1: 321.356	valid's l1: 491.73
1994.5s 934 [91400]	train's l1: 321.32	valid's l1: 491.728
1998.7s 935 [91500]	train's l1: 321.28	valid's l1: 491.725
2000.6s 936 [91600]	train's l1: 321.238	valid's l1: 491.715
2002.7s 937 [91700]	train's l1: 321.205	valid's l1: 491.71
2004.6s 938 [91800]	train's l1: 321.169	valid's l1: 491.702
2006.6s 939 [91900]	train's l1: 321.133	valid's l1: 491.698
2008.5s 940 [92000]	train's l1: 321.095	valid's l1: 491.692
2010.5s 941 [92100]	train's l1: 321.049	valid's l1: 491.688
2012.6s 942 [92200]	train's l1: 321.005	valid's l1: 491.682
2014.6s 943 [92300]	train's l1: 320.958	valid's l1: 491.679
2016.5s 944 [92400]	train's l1: 320.906	valid's l1: 491.67
2018.5s 945 [92500]	train's l1: 320.863	valid's l1: 491.667
2020.5s 946 [92600]	train's l1: 320.825	valid's l1: 491.663
2022.5s 947 [92700]	train's l1: 320.793	valid's l1: 491.661
2024.5s 948 [92800]	train's l1: 320.744	valid's l1: 491.657
2026.4s 949 [92900]	train's l1: 320.699	valid's l1: 491.657
2030.6s 950 [93000]	train's l1: 320.67	valid's l1: 491.653
2032.6s 951 [93100]	train's l1: 320.63	valid's l1: 491.657
2034.6s 952 [93200]	train's l1: 320.583	valid's l1: 491.653
2036.6s 953 [93300]	train's l1: 320.533	valid's l1: 491.644
2038.6s 954 [93400]	train's l1: 320.494	valid's l1: 491.635
2040.5s 955 [93500]	train's l1: 320.457	valid's l1: 491.632
2042.5s 956 [93600]	train's l1: 320.412	valid's l1: 491.632
2044.5s 957 [93700]	train's l1: 320.357	valid's l1: 491.624
2046.5s 958 [93800]	train's l1: 320.305	valid's l1: 491.616
2048.5s 959 [93900]	train's l1: 320.253	valid's l1: 491.612
2050.5s 960 [94000]	train's l1: 320.207	valid's l1: 491.607
2052.6s 961 [94100]	train's l1: 320.173	valid's l1: 491.603
2054.5s 962 [94200]	train's l1: 320.128	valid's l1: 491.594
2056.5s 963 [94300]	train's l1: 320.094	valid's l1: 491.595
2058.5s 964 [94400]	train's l1: 320.061	valid's l1: 491.592
2060.5s 965 [94500]	train's l1: 320.019	valid's l1: 491.587
2064.8s 966 [94600]	train's l1: 319.982	valid's l1: 491.585
2066.7s 967 [94700]	train's l1: 319.947	valid's l1: 491.586
2068.6s 968 [94800]	train's l1: 319.915	valid's l1: 491.58
2070.6s 969 [94900]	train's l1: 319.88	valid's l1: 491.574
2072.7s 970 [95000]	train's l1: 319.842	valid's l1: 491.571
2074.7s 971 [95100]	train's l1: 319.801	valid's l1: 491.563
2076.7s 972 [95200]	train's l1: 319.743	valid's l1: 491.557
2078.7s 973 [95300]	train's l1: 319.711	valid's l1: 491.554
2080.6s 974 [95400]	train's l1: 319.672	valid's l1: 491.549
2082.7s 975 [95500]	train's l1: 319.637	valid's l1: 491.55
2084.7s 976 [95600]	train's l1: 319.59	valid's l1: 491.552
2086.7s 977 [95700]	train's l1: 319.548	valid's l1: 491.548
2088.7s 978 [95800]	train's l1: 319.494	valid's l1: 491.544
2090.6s 979 [95900]	train's l1: 319.45	valid's l1: 491.532
2092.7s 980 [96000]	train's l1: 319.418	valid's l1: 491.53
2097.0s 981 [96100]	train's l1: 319.384	valid's l1: 491.524
2098.9s 982 [96200]	train's l1: 319.342	valid's l1: 491.52
2100.9s 983 [96300]	train's l1: 319.308	valid's l1: 491.514
2103.0s 984 [96400]	train's l1: 319.271	valid's l1: 491.509
2105.0s 985 [96500]	train's l1: 319.228	valid's l1: 491.504
2107.0s 986 [96600]	train's l1: 319.193	valid's l1: 491.499
2109.0s 987 [96700]	train's l1: 319.156	valid's l1: 491.493
2110.9s 988 [96800]	train's l1: 319.113	valid's l1: 491.49
2113.0s 989 [96900]	train's l1: 319.075	valid's l1: 491.483
2115.0s 990 [97000]	train's l1: 319.021	valid's l1: 491.465
2117.0s 991 [97100]	train's l1: 318.984	valid's l1: 491.458
2119.1s 992 [97200]	train's l1: 318.942	valid's l1: 491.457
2121.1s 993 [97300]	train's l1: 318.902	valid's l1: 491.454
2123.2s 994 [97400]	train's l1: 318.878	valid's l1: 491.452
2125.2s 995 [97500]	train's l1: 318.837	valid's l1: 491.446
2129.5s 996 [97600]	train's l1: 318.804	valid's l1: 491.439
2131.4s 997 [97700]	train's l1: 318.777	valid's l1: 491.44
2133.5s 998 [97800]	train's l1: 318.745	valid's l1: 491.434
2135.4s 999 [97900]	train's l1: 318.719	valid's l1: 491.431
2137.4s 1000 [98000]	train's l1: 318.669	valid's l1: 491.426
2139.3s 1001 [98100]	train's l1: 318.644	valid's l1: 491.423
2141.3s 1002 [98200]	train's l1: 318.613	valid's l1: 491.416
2143.4s 1003 [98300]	train's l1: 318.577	valid's l1: 491.414
2145.4s 1004 [98400]	train's l1: 318.53	valid's l1: 491.411
2147.4s 1005 [98500]	train's l1: 318.502	valid's l1: 491.408
2149.4s 1006 [98600]	train's l1: 318.467	valid's l1: 491.404
2151.4s 1007 [98700]	train's l1: 318.431	valid's l1: 491.398
2153.5s 1008 [98800]	train's l1: 318.389	valid's l1: 491.398
2155.5s 1009 [98900]	train's l1: 318.346	valid's l1: 491.388
2157.5s 1010 [99000]	train's l1: 318.318	valid's l1: 491.386
2161.9s 1011 [99100]	train's l1: 318.274	valid's l1: 491.37
2163.9s 1012 [99200]	train's l1: 318.241	valid's l1: 491.367
2165.8s 1013 [99300]	train's l1: 318.208	valid's l1: 491.367
2167.8s 1014 [99400]	train's l1: 318.174	valid's l1: 491.366
2169.8s 1015 [99500]	train's l1: 318.139	valid's l1: 491.361
2171.8s 1016 [99600]	train's l1: 318.111	valid's l1: 491.356
2173.9s 1017 [99700]	train's l1: 318.08	valid's l1: 491.352
2175.9s 1018 [99800]	train's l1: 318.054	valid's l1: 491.352
2177.9s 1019 [99900]	train's l1: 318.012	valid's l1: 491.346
2180.0s 1020 [100000]	train's l1: 317.973	valid's l1: 491.336
2181.9s 1021 [100100]	train's l1: 317.932	valid's l1: 491.334
2184.0s 1022 [100200]	train's l1: 317.89	valid's l1: 491.323
2186.0s 1023 [100300]	train's l1: 317.858	valid's l1: 491.322
2187.9s 1024 [100400]	train's l1: 317.802	valid's l1: 491.313
2189.9s 1025 [100500]	train's l1: 317.756	valid's l1: 491.312
2194.2s 1026 [100600]	train's l1: 317.726	valid's l1: 491.307
2196.1s 1027 [100700]	train's l1: 317.69	valid's l1: 491.303
2198.1s 1028 [100800]	train's l1: 317.656	valid's l1: 491.298
2200.0s 1029 [100900]	train's l1: 317.615	valid's l1: 491.297
2202.0s 1030 [101000]	train's l1: 317.577	valid's l1: 491.291
2204.0s 1031 [101100]	train's l1: 317.545	valid's l1: 491.291
2206.0s 1032 [101200]	train's l1: 317.508	valid's l1: 491.288
2208.0s 1033 [101300]	train's l1: 317.468	valid's l1: 491.285
2210.0s 1034 [101400]	train's l1: 317.43	valid's l1: 491.284
2211.9s 1035 [101500]	train's l1: 317.405	valid's l1: 491.282
2214.0s 1036 [101600]	train's l1: 317.37	valid's l1: 491.277
2215.9s 1037 [101700]	train's l1: 317.336	valid's l1: 491.274
2217.8s 1038 [101800]	train's l1: 317.29	valid's l1: 491.269
2219.8s 1039 [101900]	train's l1: 317.257	valid's l1: 491.266
2221.8s 1040 [102000]	train's l1: 317.23	valid's l1: 491.264
2222.9s 1041 Early stopping, best iteration is:
2222.9s 1042 [101854]	train's l1: 317.269	valid's l1: 491.264
2247.4s 1043 CPU训练成功完成！
2268.0s 1044 模型已保存到 /kaggle/working/output/car_price_model.pkl
2598.0s 1045 验证集 MAE: 491.26
2598.0s 1046 分析特征重要性...
2598.5s 1047 随机选取10个样本进行验证...
2598.5s 1048 样本验证结果已保存到 /kaggle/working/sample_predictions.csv
2598.5s 1049 
2598.5s 1050 样本验证结果:
2598.5s 1051 SaleID  true_price    pred_price
2598.5s 1052 57892    57892        3990   3994.010574
2598.5s 1053 37328    37328        3500   3338.391823
2598.5s 1054 120994  120994        1200   1212.222907
2598.5s 1055 73883    73883        7999   7951.325881
2598.5s 1056 83129    83129        2999   3021.381835
2598.5s 1057 103329  103329        9800  11480.305325
2598.5s 1058 78635    78635         739    838.081061
2598.5s 1059 68263    68263        3950   4994.665446
2598.5s 1060 37392    37392        1400    844.870220
2598.5s 1061 73171    73171        1990   2005.223433
2598.5s 1062 
2598.5s 1063 处理测试数据...
2599.6s 1064 发现非数值特征: ['notRepairedDamage', 'regionCode']，正在进行转换...
2599.6s 1065 测试数据形状: (50000, 41)
2599.6s 1066 预测测试集...
3131.5s 1067 预测结果已保存到 /kaggle/working/submission.csv
3131.5s 1068 
3131.5s 1069 训练完成！所有结果已保存到 ./output 目录
3134.6s 1070 /usr/local/lib/python3.11/dist-packages/traitlets/traitlets.py:2915: FutureWarning: --Exporter.preprocessors=["remove_papermill_header.RemovePapermillHeader"] for containers is deprecated in traitlets 5.0. You can pass `--Exporter.preprocessors item` ... multiple times to add items to a list.
3134.6s 1071 warn(
3134.6s 1072 [NbConvertApp] Converting notebook __notebook__.ipynb to notebook
3135.1s 1073 [NbConvertApp] Writing 79700 bytes to __notebook__.ipynb
3136.5s 1074 /usr/local/lib/python3.11/dist-packages/traitlets/traitlets.py:2915: FutureWarning: --Exporter.preprocessors=["nbconvert.preprocessors.ExtractOutputPreprocessor"] for containers is deprecated in traitlets 5.0. You can pass `--Exporter.preprocessors item` ... multiple times to add items to a list.
3136.5s 1075 warn(
3136.5s 1076 [NbConvertApp] Converting notebook __notebook__.ipynb to html
3137.3s 1077 [NbConvertApp] Writing 387601 bytes to __results__.html